<?xml version="1.0" encoding="UTF-8"?>
<testsuite xmlns:xsi="http://www.w3.org/2001/XMLSchema-instance" xsi:noNamespaceSchemaLocation="https://maven.apache.org/surefire/maven-surefire-plugin/xsd/surefire-test-report-3.0.xsd" version="3.0" name="com.mycompany.junit_praktikum.MahasiswaTest" time="0.093" tests="3" errors="0" skipped="0" failures="0">
  <properties>
[...]
</properties>
  <testcase name="testNilaiTidakLulus" classname="com.mycompany.junit_praktikum.MahasiswaTest" time="0.04"/>
  <testcase name="testNilaiLulus" classname="com.mycompany.junit_praktikum.MahasiswaTest" time="0.002"/>
  <testcase name="testNilaiTepatAmbangBatas" classname="com.mycompany.junit_praktikum.MahasiswaTest" time="0.002"/>
</testsuite>